<?xml version="1.0" encoding="UTF-8"?>
<testsuite xmlns:xsi="http://www.w3.org/2001/XMLSchema-instance" xsi:noNamespaceSchemaLocation="https://maven.apache.org/surefire/maven-surefire-plugin/xsd/surefire-test-report-3.0.xsd" version="3.0" name="com.linkedin.app.CalculatorTest" time="0.162" tests="4" errors="0" skipped="0" failures="0">
  <properties>
    <property name="java.specification.version" value="17"/>
    <property name="sun.jnu.encoding" value="UTF-8"/>
    <property name="java.class.path" value="/workspaces/complete-guide-to-java-testing-with-junit-5-and-mockito-5915250/my-app/target/test-classes:/workspaces/complete-guide-to-java-testing-with-junit-5-and-mockito-5915250/my-app/target/classes:/home/vscode/.m2/repository/org/junit/jupiter/junit-jupiter-api/5.10.3/junit-jupiter-api-5.10.3.jar:/home/vscode/.m2/repository/org/opentest4j/opentest4j/1.3.0/opentest4j-1.3.0.jar:/home/vscode/.m2/repository/org/junit/platform/junit-platform-commons/1.10.3/junit-platform-commons-1.10.3.jar:/home/vscode/.m2/repository/org/apiguardian/apiguardian-api/1.1.2/apiguardian-api-1.1.2.jar:/home/vscode/.m2/repository/org/junit/jupiter/junit-jupiter-params/5.10.3/junit-jupiter-params-5.10.3.jar:/home/vscode/.m2/repository/org/junit/platform/junit-platform-suite-api/1.10.3/junit-platform-suite-api-1.10.3.jar:/home/vscode/.m2/repository/org/junit/platform/junit-platform-suite-engine/1.10.3/junit-platform-suite-engine-1.10.3.jar:/home/vscode/.m2/repository/org/junit/platform/junit-platform-engine/1.10.3/junit-platform-engine-1.10.3.jar:/home/vscode/.m2/repository/org/junit/platform/junit-platform-suite-commons/1.10.3/junit-platform-suite-commons-1.10.3.jar:/home/vscode/.m2/repository/org/junit/platform/junit-platform-launcher/1.10.3/junit-platform-launcher-1.10.3.jar:"/>
    <property name="java.vm.vendor" value="Microsoft"/>
    <property name="sun.arch.data.model" value="64"/>
    <property name="java.vendor.url" value="https://www.microsoft.com"/>
    <property name="os.name" value="Linux"/>
    <property name="java.vm.specification.version" value="17"/>
    <property name="sun.java.launcher" value="SUN_STANDARD"/>
    <property name="user.country" value="US"/>
    <property name="sun.boot.library.path" value="/usr/lib/jvm/msopenjdk-current/lib"/>
    <property name="sun.java.command" value="/workspaces/complete-guide-to-java-testing-with-junit-5-and-mockito-5915250/my-app/target/surefire/surefirebooter3029955657867598386.jar /workspaces/complete-guide-to-java-testing-with-junit-5-and-mockito-5915250/my-app/target/surefire 2024-08-07T18-29-00_996-jvmRun1 surefire2988839712565318099tmp surefire_010623744353588765177tmp"/>
    <property name="jdk.debug" value="release"/>
    <property name="surefire.test.class.path" value="/workspaces/complete-guide-to-java-testing-with-junit-5-and-mockito-5915250/my-app/target/test-classes:/workspaces/complete-guide-to-java-testing-with-junit-5-and-mockito-5915250/my-app/target/classes:/home/vscode/.m2/repository/org/junit/jupiter/junit-jupiter-api/5.10.3/junit-jupiter-api-5.10.3.jar:/home/vscode/.m2/repository/org/opentest4j/opentest4j/1.3.0/opentest4j-1.3.0.jar:/home/vscode/.m2/repository/org/junit/platform/junit-platform-commons/1.10.3/junit-platform-commons-1.10.3.jar:/home/vscode/.m2/repository/org/apiguardian/apiguardian-api/1.1.2/apiguardian-api-1.1.2.jar:/home/vscode/.m2/repository/org/junit/jupiter/junit-jupiter-params/5.10.3/junit-jupiter-params-5.10.3.jar:/home/vscode/.m2/repository/org/junit/platform/junit-platform-suite-api/1.10.3/junit-platform-suite-api-1.10.3.jar:/home/vscode/.m2/repository/org/junit/platform/junit-platform-suite-engine/1.10.3/junit-platform-suite-engine-1.10.3.jar:/home/vscode/.m2/repository/org/junit/platform/junit-platform-engine/1.10.3/junit-platform-engine-1.10.3.jar:/home/vscode/.m2/repository/org/junit/platform/junit-platform-suite-commons/1.10.3/junit-platform-suite-commons-1.10.3.jar:/home/vscode/.m2/repository/org/junit/platform/junit-platform-launcher/1.10.3/junit-platform-launcher-1.10.3.jar:"/>
    <property name="sun.cpu.endian" value="little"/>
    <property name="user.home" value="/home/vscode"/>
    <property name="user.language" value="en"/>
    <property name="java.specification.vendor" value="Oracle Corporation"/>
    <property name="java.version.date" value="2023-04-18"/>
    <property name="java.home" value="/usr/lib/jvm/msopenjdk-current"/>
    <property name="file.separator" value="/"/>
    <property name="basedir" value="/workspaces/complete-guide-to-java-testing-with-junit-5-and-mockito-5915250/my-app"/>
    <property name="java.vm.compressedOopsMode" value="32-bit"/>
    <property name="line.separator" value="&#10;"/>
    <property name="java.specification.name" value="Java Platform API Specification"/>
    <property name="java.vm.specification.vendor" value="Oracle Corporation"/>
    <property name="surefire.real.class.path" value="/workspaces/complete-guide-to-java-testing-with-junit-5-and-mockito-5915250/my-app/target/surefire/surefirebooter3029955657867598386.jar"/>
    <property name="sun.management.compiler" value="HotSpot 64-Bit Tiered Compilers"/>
    <property name="java.runtime.version" value="17.0.7+7-LTS"/>
    <property name="user.name" value="vscode"/>
    <property name="path.separator" value=":"/>
    <property name="os.version" value="6.5.0-1022-azure"/>
    <property name="java.runtime.name" value="OpenJDK Runtime Environment"/>
    <property name="file.encoding" value="UTF-8"/>
    <property name="java.vm.name" value="OpenJDK 64-Bit Server VM"/>
    <property name="java.vendor.version" value="Microsoft-7626293"/>
    <property name="localRepository" value="/home/vscode/.m2/repository"/>
    <property name="java.vendor.url.bug" value="https://github.com/microsoft/openjdk/issues"/>
    <property name="java.io.tmpdir" value="/tmp"/>
    <property name="java.version" value="17.0.7"/>
    <property name="user.dir" value="/workspaces/complete-guide-to-java-testing-with-junit-5-and-mockito-5915250/my-app"/>
    <property name="os.arch" value="amd64"/>
    <property name="java.vm.specification.name" value="Java Virtual Machine Specification"/>
    <property name="native.encoding" value="UTF-8"/>
    <property name="java.library.path" value="/usr/java/packages/lib:/usr/lib64:/lib64:/lib:/usr/lib"/>
    <property name="java.vm.info" value="mixed mode, sharing"/>
    <property name="java.vendor" value="Microsoft"/>
    <property name="java.vm.version" value="17.0.7+7-LTS"/>
    <property name="sun.io.unicode.encoding" value="UnicodeLittle"/>
    <property name="java.class.version" value="61.0"/>
  </properties>
  <testcase name="subtract" classname="com.linkedin.app.CalculatorTest" time="0.079"/>
  <testcase name="divide" classname="com.linkedin.app.CalculatorTest" time="0.004"/>
  <testcase name="add" classname="com.linkedin.app.CalculatorTest" time="0.003"/>
  <testcase name="multiply" classname="com.linkedin.app.CalculatorTest" time="0.003"/>
</testsuite>